Preparing Data...
Building Model...
Optimizer: adam, LR: 0.00182
Starting Training...
Epoch 1/15: Train Acc 30.10%, Test Acc 32.69%
Epoch 2/15: Train Acc 29.10%, Test Acc 27.22%
Epoch 3/15: Train Acc 24.79%, Test Acc 28.83%
Epoch 4/15: Train Acc 23.25%, Test Acc 21.43%
Epoch 5/15: Train Acc 24.56%, Test Acc 27.91%
Epoch 6/15: Train Acc 25.21%, Test Acc 22.54%
Epoch 7/15: Train Acc 26.06%, Test Acc 33.07%
Epoch 8/15: Train Acc 27.54%, Test Acc 29.91%
Epoch 9/15: Train Acc 28.74%, Test Acc 36.81%
Epoch 10/15: Train Acc 29.99%, Test Acc 39.06%
Epoch 11/15: Train Acc 32.07%, Test Acc 44.61%
Epoch 12/15: Train Acc 35.63%, Test Acc 48.05%
Epoch 13/15: Train Acc 37.81%, Test Acc 52.65%
Epoch 14/15: Train Acc 40.40%, Test Acc 55.35%
Epoch 15/15: Train Acc 41.60%, Test Acc 55.65%
Experiment Complete.
