
/home/runner/work/exp-cnn-dei/exp-cnn-dei/experiment/simulation/interactive/js/image-loader.js
  1:7  warning  'IMAGES_DATA' is assigned a value but never used  no-unused-vars

/home/runner/work/exp-cnn-dei/exp-cnn-dei/experiment/simulation/interactive/js/sim-classifier.js
  423:29  warning  'Chart' is not defined                 no-undef
  456:33  warning  'targetIdx' is defined but never used  no-unused-vars

/home/runner/work/exp-cnn-dei/exp-cnn-dei/experiment/simulation/interactive/js/sim-convolution.js
  218:21  warning  'IMAGES_DATA' is not defined                        no-undef
  223:25  warning  'IMAGES_DATA' is not defined                        no-undef
  223:75  warning  'IMAGES_DATA' is not defined                        no-undef
  228:19  warning  'IMAGES_DATA' is not defined                        no-undef
  246:34  warning  'forceReload' is assigned a value but never used    no-unused-vars
  411:30  warning  'isInteractive' is assigned a value but never used  no-unused-vars

/home/runner/work/exp-cnn-dei/exp-cnn-dei/experiment/simulation/interactive/js/sim-data-preprocessing.js
    3:32  warning  'IMAGES_DATA' is not defined  no-undef
  102:23  warning  'IMAGES_DATA' is not defined  no-undef
  468:30  warning  'Chart' is not defined        no-undef

/home/runner/work/exp-cnn-dei/exp-cnn-dei/experiment/simulation/notebook/notebook.js
   14:9   warning  'codeCellIndexCounter' is assigned a value but never used  no-unused-vars
   48:31  warning  'marked' is not defined                                    no-undef
   53:21  warning  'headerLevel' is assigned a value but never used           no-unused-vars
   60:37  warning  'hljs' is not defined                                      no-undef
  172:34  warning  'index' is defined but never used                          no-unused-vars

✖ 17 problems (0 errors, 17 warnings)

