Preparing Data...
Building Model...
Optimizer: adam, LR: 0.1
Starting Training...
Epoch 1/15: Train Acc 16.59%, Test Acc 10.00%
Epoch 2/15: Train Acc 10.91%, Test Acc 10.00%
Epoch 3/15: Train Acc 10.04%, Test Acc 10.93%
Epoch 4/15: Train Acc 10.00%, Test Acc 12.06%
Epoch 5/15: Train Acc 10.05%, Test Acc 10.00%
Epoch 6/15: Train Acc 10.01%, Test Acc 10.00%
Epoch 7/15: Train Acc 9.94%, Test Acc 10.00%
Epoch 8/15: Train Acc 10.20%, Test Acc 9.40%
Epoch 9/15: Train Acc 10.15%, Test Acc 10.00%
Epoch 10/15: Train Acc 10.07%, Test Acc 10.00%
Epoch 11/15: Train Acc 9.84%, Test Acc 10.00%
Epoch 12/15: Train Acc 10.05%, Test Acc 10.00%
Epoch 13/15: Train Acc 9.86%, Test Acc 10.00%
Epoch 14/15: Train Acc 9.97%, Test Acc 10.00%
Epoch 15/15: Train Acc 9.82%, Test Acc 10.00%
Experiment Complete.
