Preparing Data...
Building Model...
Optimizer: sgd, LR: 0.01
Starting Training...
Epoch 1/15: Train Acc 21.62%, Test Acc 40.36%
Epoch 2/15: Train Acc 33.75%, Test Acc 49.21%
Epoch 3/15: Train Acc 40.36%, Test Acc 52.44%
Epoch 4/15: Train Acc 44.90%, Test Acc 59.56%
Epoch 5/15: Train Acc 49.11%, Test Acc 61.22%
Epoch 6/15: Train Acc 51.62%, Test Acc 62.70%
Epoch 7/15: Train Acc 54.39%, Test Acc 67.87%
Epoch 8/15: Train Acc 56.53%, Test Acc 69.42%
Epoch 9/15: Train Acc 58.76%, Test Acc 70.83%
Epoch 10/15: Train Acc 60.20%, Test Acc 73.56%
Epoch 11/15: Train Acc 61.71%, Test Acc 75.89%
Epoch 12/15: Train Acc 63.04%, Test Acc 76.14%
Epoch 13/15: Train Acc 64.60%, Test Acc 77.46%
Epoch 14/15: Train Acc 65.94%, Test Acc 77.97%
Epoch 15/15: Train Acc 66.43%, Test Acc 78.32%
Experiment Complete.
