Preparing Data...
Building Model...
Optimizer: adam, LR: 0.00182
Starting Training...
Epoch 1/15: Train Acc 25.81%, Test Acc 30.70%
Epoch 2/15: Train Acc 25.72%, Test Acc 20.46%
Epoch 3/15: Train Acc 21.90%, Test Acc 27.33%
Epoch 4/15: Train Acc 22.57%, Test Acc 26.22%
Epoch 5/15: Train Acc 23.25%, Test Acc 26.73%
Epoch 6/15: Train Acc 23.89%, Test Acc 25.18%
Epoch 7/15: Train Acc 24.48%, Test Acc 29.94%
Epoch 8/15: Train Acc 25.64%, Test Acc 32.66%
Epoch 9/15: Train Acc 26.73%, Test Acc 31.43%
Epoch 10/15: Train Acc 27.87%, Test Acc 35.02%
Epoch 11/15: Train Acc 29.33%, Test Acc 33.62%
Epoch 12/15: Train Acc 30.75%, Test Acc 39.39%
Epoch 13/15: Train Acc 32.91%, Test Acc 43.47%
Epoch 14/15: Train Acc 35.23%, Test Acc 46.05%
Epoch 15/15: Train Acc 36.58%, Test Acc 47.06%
Experiment Complete.
