Preparing Data...
Building Model...
Optimizer: adam, LR: 0.00182
Starting Training...
Epoch 1/15: Train Acc 16.18%, Test Acc 15.87%
Epoch 2/15: Train Acc 14.00%, Test Acc 10.49%
Epoch 3/15: Train Acc 13.62%, Test Acc 10.50%
Epoch 4/15: Train Acc 13.60%, Test Acc 14.51%
Epoch 5/15: Train Acc 14.04%, Test Acc 11.85%
Epoch 6/15: Train Acc 14.20%, Test Acc 10.00%
Epoch 7/15: Train Acc 14.14%, Test Acc 10.00%
Epoch 8/15: Train Acc 14.28%, Test Acc 10.00%
Epoch 9/15: Train Acc 14.45%, Test Acc 10.00%
Epoch 10/15: Train Acc 14.81%, Test Acc 11.26%
Epoch 11/15: Train Acc 15.26%, Test Acc 9.94%
Epoch 12/15: Train Acc 15.57%, Test Acc 19.74%
Epoch 13/15: Train Acc 16.06%, Test Acc 10.52%
Epoch 14/15: Train Acc 16.38%, Test Acc 11.52%
Epoch 15/15: Train Acc 16.98%, Test Acc 20.58%
Experiment Complete.
