Preparing Data...
Building Model...
Optimizer: adam, LR: 0.0001
Starting Training...
Epoch 1/15: Train Acc 31.72%, Test Acc 45.41%
Epoch 2/15: Train Acc 43.66%, Test Acc 54.74%
Epoch 3/15: Train Acc 48.23%, Test Acc 50.65%
Epoch 4/15: Train Acc 50.34%, Test Acc 48.10%
Epoch 5/15: Train Acc 55.23%, Test Acc 55.44%
Epoch 6/15: Train Acc 59.40%, Test Acc 64.45%
Epoch 7/15: Train Acc 62.38%, Test Acc 63.55%
Epoch 8/15: Train Acc 65.05%, Test Acc 71.74%
Epoch 9/15: Train Acc 67.94%, Test Acc 79.14%
Epoch 10/15: Train Acc 70.54%, Test Acc 80.24%
Epoch 11/15: Train Acc 73.67%, Test Acc 83.02%
Epoch 12/15: Train Acc 76.00%, Test Acc 86.25%
Epoch 13/15: Train Acc 78.83%, Test Acc 87.42%
Epoch 14/15: Train Acc 80.54%, Test Acc 89.04%
Epoch 15/15: Train Acc 81.68%, Test Acc 89.28%
Experiment Complete.
